{"C:\\ajs-4.1\\src\\js\\app.js": {"path":"C:\\ajs-4.1\\src\\js\\app.js","statementMap":{"0":{"start":{"line":3,"column":4},"end":{"line":5,"column":5}},"1":{"start":{"line":4,"column":6},"end":{"line":4,"column":38}},"2":{"start":{"line":6,"column":4},"end":{"line":13,"column":5}},"3":{"start":{"line":8,"column":8},"end":{"line":8,"column":25}},"4":{"start":{"line":10,"column":8},"end":{"line":10,"column":26}},"5":{"start":{"line":12,"column":8},"end":{"line":12,"column":25}}},"fnMap":{"0":{"name":"getHealthStatus","decl":{"start":{"line":1,"column":24},"end":{"line":1,"column":39}},"loc":{"start":{"line":1,"column":45},"end":{"line":14,"column":3}},"line":1}},"branchMap":{"0":{"loc":{"start":{"line":3,"column":4},"end":{"line":5,"column":5}},"type":"if","locations":[{"start":{"line":3,"column":4},"end":{"line":5,"column":5}},{"start":{"line":3,"column":4},"end":{"line":5,"column":5}}],"line":3},"1":{"loc":{"start":{"line":6,"column":4},"end":{"line":13,"column":5}},"type":"switch","locations":[{"start":{"line":7,"column":6},"end":{"line":8,"column":25}},{"start":{"line":9,"column":6},"end":{"line":10,"column":26}},{"start":{"line":11,"column":6},"end":{"line":12,"column":25}}],"line":6}},"s":{"0":6,"1":1,"2":5,"3":1,"4":1,"5":3},"f":{"0":6},"b":{"0":[1,5],"1":[1,1,3]},"_coverageSchema":"1a1c01bbd47fc00a2c39e90264f33305004495a9","hash":"f95308af7bbbeb4cfc71eb01676b6bfb2eb05745"}
}
